<?xml version="1.0" encoding="UTF-8"?>
<!-- Generated by org.testng.reporters.JUnitReportReporter -->
<testsuite skipped="0" hostname="Akshit" name="uk.co.library.AppTest" tests="1" failures="0" timestamp="2023-02-09T20:56:23 GMT" time="0.001" errors="0">
  <testcase name="testApp" time="0.001" classname="uk.co.library.AppTest"/>
  <system-out/>
</testsuite> <!-- uk.co.library.AppTest -->
